2018-10-17 20:35:49,514 CRIT Supervisor running as root (no user in config file)
2018-10-17 20:35:49,515 INFO Included extra file "/etc/supervisor/conf.d/supervisord.conf" during parsing
2018-10-17 20:35:50,151 INFO RPC interface 'supervisor' initialized
2018-10-17 20:35:50,152 CRIT Server 'unix_http_server' running without any HTTP authentication checking
2018-10-17 20:35:50,153 INFO supervisord started with pid 1
2018-10-17 20:35:51,159 INFO spawned: 'varnishd' with pid 8
2018-10-17 20:35:51,168 INFO spawned: 'php-fpm' with pid 9
2018-10-17 20:35:51,177 INFO spawned: 'varnish-plugins-watcher' with pid 10
2018-10-17 20:35:51,310 INFO spawned: 'nginx' with pid 12
2018-10-17 20:35:51,318 INFO spawned: 'MailHog' with pid 13
2018-10-17 20:35:51,358 INFO spawned: 'mysql' with pid 16
2018-10-17 20:35:51,368 INFO spawned: 'varnish-themes-watcher' with pid 17
2018-10-17 20:35:52,643 INFO success: varnishd entered RUNNING state, process has stayed up for > than 1 seconds (startsecs)
2018-10-17 20:35:52,707 INFO success: php-fpm entered RUNNING state, process has stayed up for > than 1 seconds (startsecs)
2018-10-17 20:35:52,708 INFO success: varnish-plugins-watcher entered RUNNING state, process has stayed up for > than 1 seconds (startsecs)
2018-10-17 20:35:52,710 INFO success: nginx entered RUNNING state, process has stayed up for > than 1 seconds (startsecs)
2018-10-17 20:35:52,710 INFO success: MailHog entered RUNNING state, process has stayed up for > than 1 seconds (startsecs)
2018-10-17 20:35:52,711 INFO success: mysql entered RUNNING state, process has stayed up for > than 1 seconds (startsecs)
2018-10-17 20:35:52,711 INFO success: varnish-themes-watcher entered RUNNING state, process has stayed up for > than 1 seconds (startsecs)
2018-10-17 20:35:56,126 INFO exited: varnishd (terminated by SIGTERM; not expected)
2018-10-17 20:35:56,127 INFO reaped unknown pid 50
2018-10-17 20:35:57,135 INFO spawned: 'varnishd' with pid 51
2018-10-17 20:35:58,138 INFO success: varnishd entered RUNNING state, process has stayed up for > than 1 seconds (startsecs)
2018-10-18 15:30:30,645 CRIT Supervisor running as root (no user in config file)
2018-10-18 15:30:30,752 INFO Included extra file "/etc/supervisor/conf.d/supervisord.conf" during parsing
2018-10-18 15:30:31,576 INFO RPC interface 'supervisor' initialized
2018-10-18 15:30:31,576 CRIT Server 'unix_http_server' running without any HTTP authentication checking
2018-10-18 15:30:31,577 INFO supervisord started with pid 1
2018-10-18 15:30:32,582 INFO spawned: 'varnishd' with pid 8
2018-10-18 15:30:32,662 INFO spawned: 'php-fpm' with pid 9
2018-10-18 15:30:32,666 INFO spawned: 'varnish-plugins-watcher' with pid 10
2018-10-18 15:30:32,704 INFO spawned: 'nginx' with pid 11
2018-10-18 15:30:32,713 INFO spawned: 'MailHog' with pid 12
2018-10-18 15:30:32,721 INFO spawned: 'mysql' with pid 13
2018-10-18 15:30:32,726 INFO spawned: 'varnish-themes-watcher' with pid 14
2018-10-18 15:30:33,728 INFO success: varnishd entered RUNNING state, process has stayed up for > than 1 seconds (startsecs)
2018-10-18 15:30:33,729 INFO success: php-fpm entered RUNNING state, process has stayed up for > than 1 seconds (startsecs)
2018-10-18 15:30:33,729 INFO success: varnish-plugins-watcher entered RUNNING state, process has stayed up for > than 1 seconds (startsecs)
2018-10-18 15:30:33,730 INFO success: nginx entered RUNNING state, process has stayed up for > than 1 seconds (startsecs)
2018-10-18 15:30:33,730 INFO success: MailHog entered RUNNING state, process has stayed up for > than 1 seconds (startsecs)
2018-10-18 15:30:33,730 INFO success: mysql entered RUNNING state, process has stayed up for > than 1 seconds (startsecs)
2018-10-18 15:30:33,731 INFO success: varnish-themes-watcher entered RUNNING state, process has stayed up for > than 1 seconds (startsecs)
2018-10-18 15:38:12,272 WARN received SIGTERM indicating exit request
2018-10-18 15:38:12,273 INFO waiting for varnishd, php-fpm, varnish-plugins-watcher, nginx, MailHog, mysql, varnish-themes-watcher to die
2018-10-18 15:38:13,275 INFO stopped: varnish-themes-watcher (terminated by SIGTERM)
2018-10-18 15:38:13,299 INFO stopped: mysql (exit status 0)
2018-10-18 15:38:13,301 INFO stopped: MailHog (terminated by SIGTERM)
2018-10-18 15:38:13,306 INFO stopped: nginx (exit status 0)
2018-10-18 15:38:14,309 INFO stopped: varnish-plugins-watcher (terminated by SIGTERM)
2018-10-18 15:38:14,329 INFO stopped: php-fpm (exit status 0)
2018-10-18 15:38:14,451 INFO reaped unknown pid 733
2018-10-18 15:38:14,451 INFO reaped unknown pid 734
2018-10-18 15:38:15,343 INFO waiting for varnishd to die
2018-10-18 15:38:15,571 INFO stopped: varnishd (exit status 0)
2018-10-18 15:38:28,587 CRIT Supervisor running as root (no user in config file)
2018-10-18 15:38:28,592 INFO Included extra file "/etc/supervisor/conf.d/supervisord.conf" during parsing
2018-10-18 15:38:28,814 INFO RPC interface 'supervisor' initialized
2018-10-18 15:38:28,818 CRIT Server 'unix_http_server' running without any HTTP authentication checking
2018-10-18 15:38:28,821 INFO supervisord started with pid 1
2018-10-18 15:38:29,830 INFO spawned: 'varnishd' with pid 44
2018-10-18 15:38:29,837 INFO spawned: 'php-fpm' with pid 45
2018-10-18 15:38:29,841 INFO spawned: 'varnish-plugins-watcher' with pid 46
2018-10-18 15:38:29,849 INFO spawned: 'nginx' with pid 47
2018-10-18 15:38:29,855 INFO spawned: 'MailHog' with pid 48
2018-10-18 15:38:29,873 INFO spawned: 'mysql' with pid 49
2018-10-18 15:38:29,887 INFO spawned: 'varnish-themes-watcher' with pid 50
2018-10-18 15:38:31,039 INFO success: varnishd entered RUNNING state, process has stayed up for > than 1 seconds (startsecs)
2018-10-18 15:38:31,040 INFO success: php-fpm entered RUNNING state, process has stayed up for > than 1 seconds (startsecs)
2018-10-18 15:38:31,040 INFO success: varnish-plugins-watcher entered RUNNING state, process has stayed up for > than 1 seconds (startsecs)
2018-10-18 15:38:31,041 INFO success: nginx entered RUNNING state, process has stayed up for > than 1 seconds (startsecs)
2018-10-18 15:38:31,041 INFO success: MailHog entered RUNNING state, process has stayed up for > than 1 seconds (startsecs)
2018-10-18 15:38:31,042 INFO success: mysql entered RUNNING state, process has stayed up for > than 1 seconds (startsecs)
2018-10-18 15:38:31,043 INFO success: varnish-themes-watcher entered RUNNING state, process has stayed up for > than 1 seconds (startsecs)
2018-10-19 00:47:56,814 WARN received SIGTERM indicating exit request
2018-10-19 00:47:56,895 INFO waiting for varnishd, php-fpm, varnish-plugins-watcher, nginx, MailHog, mysql, varnish-themes-watcher to die
2018-10-19 00:47:57,897 INFO stopped: varnish-themes-watcher (terminated by SIGTERM)
2018-10-19 00:47:58,047 INFO stopped: mysql (exit status 0)
2018-10-19 00:47:58,049 INFO stopped: MailHog (terminated by SIGTERM)
2018-10-19 00:47:58,150 INFO stopped: nginx (exit status 0)
2018-10-19 00:47:59,155 INFO stopped: varnish-plugins-watcher (terminated by SIGTERM)
2018-10-19 00:47:59,568 INFO stopped: php-fpm (exit status 0)
2018-10-19 00:47:59,801 INFO reaped unknown pid 26772
2018-10-19 00:48:00,151 INFO reaped unknown pid 26774
2018-10-19 00:48:00,151 INFO waiting for varnishd to die
2018-10-19 00:48:02,467 INFO stopped: varnishd (exit status 0)
2018-10-19 15:51:05,375 CRIT Supervisor running as root (no user in config file)
2018-10-19 15:51:05,418 INFO Included extra file "/etc/supervisor/conf.d/supervisord.conf" during parsing
2018-10-19 15:51:05,896 INFO RPC interface 'supervisor' initialized
2018-10-19 15:51:05,900 CRIT Server 'unix_http_server' running without any HTTP authentication checking
2018-10-19 15:51:05,900 INFO supervisord started with pid 1
2018-10-19 15:51:06,945 INFO spawned: 'varnishd' with pid 8
2018-10-19 15:51:07,516 INFO spawned: 'php-fpm' with pid 9
2018-10-19 15:51:07,700 INFO spawned: 'varnish-plugins-watcher' with pid 10
2018-10-19 15:51:07,808 INFO spawned: 'nginx' with pid 12
2018-10-19 15:51:07,943 INFO spawned: 'MailHog' with pid 14
2018-10-19 15:51:08,287 INFO spawned: 'mysql' with pid 22
2018-10-19 15:51:08,298 INFO spawned: 'varnish-themes-watcher' with pid 24
2018-10-19 15:51:08,555 INFO success: varnishd entered RUNNING state, process has stayed up for > than 1 seconds (startsecs)
2018-10-19 15:51:08,556 INFO success: php-fpm entered RUNNING state, process has stayed up for > than 1 seconds (startsecs)
2018-10-19 15:51:08,772 INFO success: varnish-plugins-watcher entered RUNNING state, process has stayed up for > than 1 seconds (startsecs)
2018-10-19 15:51:08,773 INFO success: nginx entered RUNNING state, process has stayed up for > than 1 seconds (startsecs)
2018-10-19 15:51:09,775 INFO success: MailHog entered RUNNING state, process has stayed up for > than 1 seconds (startsecs)
2018-10-19 15:51:09,824 INFO success: mysql entered RUNNING state, process has stayed up for > than 1 seconds (startsecs)
2018-10-19 15:51:09,825 INFO success: varnish-themes-watcher entered RUNNING state, process has stayed up for > than 1 seconds (startsecs)
2018-10-22 15:42:47,454 CRIT Supervisor running as root (no user in config file)
2018-10-22 15:42:47,479 INFO Included extra file "/etc/supervisor/conf.d/supervisord.conf" during parsing
2018-10-22 15:42:48,813 INFO RPC interface 'supervisor' initialized
2018-10-22 15:42:48,814 CRIT Server 'unix_http_server' running without any HTTP authentication checking
2018-10-22 15:42:48,815 INFO supervisord started with pid 1
2018-10-22 15:42:49,820 INFO spawned: 'varnishd' with pid 50
2018-10-22 15:42:49,828 INFO spawned: 'php-fpm' with pid 51
2018-10-22 15:42:49,833 INFO spawned: 'varnish-plugins-watcher' with pid 52
2018-10-22 15:42:50,097 INFO spawned: 'nginx' with pid 53
2018-10-22 15:42:50,105 INFO spawned: 'MailHog' with pid 54
2018-10-22 15:42:50,113 INFO spawned: 'mysql' with pid 55
2018-10-22 15:42:50,119 INFO spawned: 'varnish-themes-watcher' with pid 56
2018-10-22 15:42:51,122 INFO success: varnishd entered RUNNING state, process has stayed up for > than 1 seconds (startsecs)
2018-10-22 15:42:51,122 INFO success: php-fpm entered RUNNING state, process has stayed up for > than 1 seconds (startsecs)
2018-10-22 15:42:51,122 INFO success: varnish-plugins-watcher entered RUNNING state, process has stayed up for > than 1 seconds (startsecs)
2018-10-22 15:42:51,123 INFO success: nginx entered RUNNING state, process has stayed up for > than 1 seconds (startsecs)
2018-10-22 15:42:51,123 INFO success: MailHog entered RUNNING state, process has stayed up for > than 1 seconds (startsecs)
2018-10-22 15:42:51,124 INFO success: mysql entered RUNNING state, process has stayed up for > than 1 seconds (startsecs)
2018-10-22 15:42:51,124 INFO success: varnish-themes-watcher entered RUNNING state, process has stayed up for > than 1 seconds (startsecs)
2018-10-23 01:05:00,052 WARN received SIGTERM indicating exit request
2018-10-23 01:05:00,194 INFO waiting for varnishd, php-fpm, varnish-plugins-watcher, nginx, MailHog, mysql, varnish-themes-watcher to die
2018-10-23 01:05:00,835 INFO stopped: varnish-themes-watcher (terminated by SIGTERM)
2018-10-23 01:05:00,836 INFO reaped unknown pid 27344
2018-10-23 01:05:01,241 INFO stopped: mysql (exit status 0)
2018-10-23 01:05:01,243 INFO stopped: MailHog (terminated by SIGTERM)
2018-10-23 01:05:01,382 INFO stopped: nginx (exit status 0)
2018-10-23 01:05:02,384 INFO stopped: varnish-plugins-watcher (terminated by SIGTERM)
2018-10-23 01:05:02,982 INFO stopped: php-fpm (exit status 0)
2018-10-23 01:05:04,048 INFO waiting for varnishd to die
2018-10-23 01:05:04,074 INFO stopped: varnishd (exit status 0)
2018-10-23 15:29:41,673 CRIT Supervisor running as root (no user in config file)
2018-10-23 15:29:41,720 INFO Included extra file "/etc/supervisor/conf.d/supervisord.conf" during parsing
2018-10-23 15:29:41,948 INFO RPC interface 'supervisor' initialized
2018-10-23 15:29:41,948 CRIT Server 'unix_http_server' running without any HTTP authentication checking
2018-10-23 15:29:41,949 INFO supervisord started with pid 1
2018-10-23 15:29:42,954 INFO spawned: 'varnishd' with pid 8
2018-10-23 15:29:43,277 INFO spawned: 'php-fpm' with pid 9
2018-10-23 15:29:43,282 INFO spawned: 'varnish-plugins-watcher' with pid 10
2018-10-23 15:29:43,351 INFO spawned: 'nginx' with pid 11
2018-10-23 15:29:43,373 INFO spawned: 'MailHog' with pid 12
2018-10-23 15:29:43,380 INFO spawned: 'mysql' with pid 13
2018-10-23 15:29:43,386 INFO spawned: 'varnish-themes-watcher' with pid 14
2018-10-23 15:29:44,390 INFO success: varnishd entered RUNNING state, process has stayed up for > than 1 seconds (startsecs)
2018-10-23 15:29:44,390 INFO success: php-fpm entered RUNNING state, process has stayed up for > than 1 seconds (startsecs)
2018-10-23 15:29:44,391 INFO success: varnish-plugins-watcher entered RUNNING state, process has stayed up for > than 1 seconds (startsecs)
2018-10-23 15:29:44,391 INFO success: nginx entered RUNNING state, process has stayed up for > than 1 seconds (startsecs)
2018-10-23 15:29:44,391 INFO success: MailHog entered RUNNING state, process has stayed up for > than 1 seconds (startsecs)
2018-10-23 15:29:44,392 INFO success: mysql entered RUNNING state, process has stayed up for > than 1 seconds (startsecs)
2018-10-23 15:29:44,392 INFO success: varnish-themes-watcher entered RUNNING state, process has stayed up for > than 1 seconds (startsecs)
2018-10-24 01:03:30,691 WARN received SIGTERM indicating exit request
2018-10-24 01:03:30,710 INFO waiting for varnishd, php-fpm, varnish-plugins-watcher, nginx, MailHog, mysql, varnish-themes-watcher to die
2018-10-24 01:03:31,712 INFO stopped: varnish-themes-watcher (terminated by SIGTERM)
2018-10-24 01:03:31,728 INFO stopped: mysql (exit status 0)
2018-10-24 01:03:31,730 INFO stopped: MailHog (terminated by SIGTERM)
2018-10-24 01:03:31,799 INFO stopped: nginx (exit status 0)
2018-10-24 01:03:32,802 INFO stopped: varnish-plugins-watcher (terminated by SIGTERM)
2018-10-24 01:03:33,165 INFO stopped: php-fpm (exit status 0)
2018-10-24 01:03:34,178 INFO waiting for varnishd to die
2018-10-24 01:03:35,313 INFO reaped unknown pid 27850
2018-10-24 01:03:35,320 INFO reaped unknown pid 27852
2018-10-24 01:03:35,772 INFO reaped unknown pid 15
2018-10-24 01:03:37,776 INFO waiting for varnishd to die
2018-10-24 01:03:40,122 INFO stopped: varnishd (exit status 0)
2018-10-24 16:07:27,400 CRIT Supervisor running as root (no user in config file)
2018-10-24 16:07:27,414 INFO Included extra file "/etc/supervisor/conf.d/supervisord.conf" during parsing
2018-10-24 16:07:28,159 INFO RPC interface 'supervisor' initialized
2018-10-24 16:07:28,160 CRIT Server 'unix_http_server' running without any HTTP authentication checking
2018-10-24 16:07:28,160 INFO supervisord started with pid 1
2018-10-24 16:07:29,165 INFO spawned: 'varnishd' with pid 51
2018-10-24 16:07:29,206 INFO spawned: 'php-fpm' with pid 52
2018-10-24 16:07:29,211 INFO spawned: 'varnish-plugins-watcher' with pid 53
2018-10-24 16:07:29,484 INFO spawned: 'nginx' with pid 54
2018-10-24 16:07:29,494 INFO spawned: 'MailHog' with pid 55
2018-10-24 16:07:29,501 INFO spawned: 'mysql' with pid 56
2018-10-24 16:07:29,506 INFO spawned: 'varnish-themes-watcher' with pid 57
2018-10-24 16:07:30,514 INFO success: varnishd entered RUNNING state, process has stayed up for > than 1 seconds (startsecs)
2018-10-24 16:07:30,577 INFO success: php-fpm entered RUNNING state, process has stayed up for > than 1 seconds (startsecs)
2018-10-24 16:07:30,578 INFO success: varnish-plugins-watcher entered RUNNING state, process has stayed up for > than 1 seconds (startsecs)
2018-10-24 16:07:30,578 INFO success: nginx entered RUNNING state, process has stayed up for > than 1 seconds (startsecs)
2018-10-24 16:07:30,579 INFO success: MailHog entered RUNNING state, process has stayed up for > than 1 seconds (startsecs)
2018-10-24 16:07:30,579 INFO success: mysql entered RUNNING state, process has stayed up for > than 1 seconds (startsecs)
2018-10-24 16:07:30,579 INFO success: varnish-themes-watcher entered RUNNING state, process has stayed up for > than 1 seconds (startsecs)
2018-10-25 16:28:46,682 CRIT Supervisor running as root (no user in config file)
2018-10-25 16:28:46,707 INFO Included extra file "/etc/supervisor/conf.d/supervisord.conf" during parsing
2018-10-25 16:28:47,474 INFO RPC interface 'supervisor' initialized
2018-10-25 16:28:47,499 CRIT Server 'unix_http_server' running without any HTTP authentication checking
2018-10-25 16:28:47,500 INFO supervisord started with pid 1
2018-10-25 16:28:48,505 INFO spawned: 'varnishd' with pid 39
2018-10-25 16:28:48,521 INFO spawned: 'php-fpm' with pid 40
2018-10-25 16:28:48,527 INFO spawned: 'varnish-plugins-watcher' with pid 41
2018-10-25 16:28:48,681 INFO spawned: 'nginx' with pid 42
2018-10-25 16:28:48,688 INFO spawned: 'MailHog' with pid 43
2018-10-25 16:28:48,694 INFO spawned: 'mysql' with pid 44
2018-10-25 16:28:48,700 INFO spawned: 'varnish-themes-watcher' with pid 45
2018-10-25 16:28:49,702 INFO success: varnishd entered RUNNING state, process has stayed up for > than 1 seconds (startsecs)
2018-10-25 16:28:49,703 INFO success: php-fpm entered RUNNING state, process has stayed up for > than 1 seconds (startsecs)
2018-10-25 16:28:49,704 INFO success: varnish-plugins-watcher entered RUNNING state, process has stayed up for > than 1 seconds (startsecs)
2018-10-25 16:28:49,704 INFO success: nginx entered RUNNING state, process has stayed up for > than 1 seconds (startsecs)
2018-10-25 16:28:49,705 INFO success: MailHog entered RUNNING state, process has stayed up for > than 1 seconds (startsecs)
2018-10-25 16:28:49,706 INFO success: mysql entered RUNNING state, process has stayed up for > than 1 seconds (startsecs)
2018-10-25 16:28:49,707 INFO success: varnish-themes-watcher entered RUNNING state, process has stayed up for > than 1 seconds (startsecs)
2018-10-26 17:07:34,755 CRIT Supervisor running as root (no user in config file)
2018-10-26 17:07:34,779 INFO Included extra file "/etc/supervisor/conf.d/supervisord.conf" during parsing
2018-10-26 17:07:35,503 INFO RPC interface 'supervisor' initialized
2018-10-26 17:07:35,504 CRIT Server 'unix_http_server' running without any HTTP authentication checking
2018-10-26 17:07:35,504 INFO supervisord started with pid 1
2018-10-26 17:07:36,511 INFO spawned: 'varnishd' with pid 8
2018-10-26 17:07:36,784 INFO spawned: 'php-fpm' with pid 9
2018-10-26 17:07:36,790 INFO spawned: 'varnish-plugins-watcher' with pid 10
2018-10-26 17:07:36,870 INFO spawned: 'nginx' with pid 11
2018-10-26 17:07:36,878 INFO spawned: 'MailHog' with pid 12
2018-10-26 17:07:36,887 INFO spawned: 'mysql' with pid 13
2018-10-26 17:07:36,894 INFO spawned: 'varnish-themes-watcher' with pid 14
2018-10-26 17:07:37,898 INFO success: varnishd entered RUNNING state, process has stayed up for > than 1 seconds (startsecs)
2018-10-26 17:07:37,899 INFO success: php-fpm entered RUNNING state, process has stayed up for > than 1 seconds (startsecs)
2018-10-26 17:07:37,899 INFO success: varnish-plugins-watcher entered RUNNING state, process has stayed up for > than 1 seconds (startsecs)
2018-10-26 17:07:37,900 INFO success: nginx entered RUNNING state, process has stayed up for > than 1 seconds (startsecs)
2018-10-26 17:07:37,901 INFO success: MailHog entered RUNNING state, process has stayed up for > than 1 seconds (startsecs)
2018-10-26 17:07:37,902 INFO success: mysql entered RUNNING state, process has stayed up for > than 1 seconds (startsecs)
2018-10-26 17:07:37,902 INFO success: varnish-themes-watcher entered RUNNING state, process has stayed up for > than 1 seconds (startsecs)
2018-10-27 18:57:08,828 CRIT Supervisor running as root (no user in config file)
2018-10-27 18:57:08,852 INFO Included extra file "/etc/supervisor/conf.d/supervisord.conf" during parsing
2018-10-27 18:57:09,632 INFO RPC interface 'supervisor' initialized
2018-10-27 18:57:09,632 CRIT Server 'unix_http_server' running without any HTTP authentication checking
2018-10-27 18:57:09,633 INFO supervisord started with pid 1
2018-10-27 18:57:10,639 INFO spawned: 'varnishd' with pid 8
2018-10-27 18:57:10,753 INFO spawned: 'php-fpm' with pid 9
2018-10-27 18:57:10,759 INFO spawned: 'varnish-plugins-watcher' with pid 10
2018-10-27 18:57:10,820 INFO spawned: 'nginx' with pid 11
2018-10-27 18:57:10,827 INFO spawned: 'MailHog' with pid 12
2018-10-27 18:57:10,837 INFO spawned: 'mysql' with pid 13
2018-10-27 18:57:10,842 INFO spawned: 'varnish-themes-watcher' with pid 14
2018-10-27 18:57:11,845 INFO success: varnishd entered RUNNING state, process has stayed up for > than 1 seconds (startsecs)
2018-10-27 18:57:11,846 INFO success: php-fpm entered RUNNING state, process has stayed up for > than 1 seconds (startsecs)
2018-10-27 18:57:11,847 INFO success: varnish-plugins-watcher entered RUNNING state, process has stayed up for > than 1 seconds (startsecs)
2018-10-27 18:57:11,848 INFO success: nginx entered RUNNING state, process has stayed up for > than 1 seconds (startsecs)
2018-10-27 18:57:11,849 INFO success: MailHog entered RUNNING state, process has stayed up for > than 1 seconds (startsecs)
2018-10-27 18:57:11,849 INFO success: mysql entered RUNNING state, process has stayed up for > than 1 seconds (startsecs)
2018-10-27 18:57:11,851 INFO success: varnish-themes-watcher entered RUNNING state, process has stayed up for > than 1 seconds (startsecs)
2018-10-29 18:41:09,737 CRIT Supervisor running as root (no user in config file)
2018-10-29 18:41:09,764 INFO Included extra file "/etc/supervisor/conf.d/supervisord.conf" during parsing
2018-10-29 18:41:10,636 INFO RPC interface 'supervisor' initialized
2018-10-29 18:41:10,636 CRIT Server 'unix_http_server' running without any HTTP authentication checking
2018-10-29 18:41:10,637 INFO supervisord started with pid 1
2018-10-29 18:41:11,643 INFO spawned: 'varnishd' with pid 49
2018-10-29 18:41:11,683 INFO spawned: 'php-fpm' with pid 50
2018-10-29 18:41:11,687 INFO spawned: 'varnish-plugins-watcher' with pid 51
2018-10-29 18:41:11,820 INFO spawned: 'nginx' with pid 52
2018-10-29 18:41:11,828 INFO spawned: 'MailHog' with pid 53
2018-10-29 18:41:11,836 INFO spawned: 'mysql' with pid 54
2018-10-29 18:41:11,840 INFO spawned: 'varnish-themes-watcher' with pid 55
2018-10-29 18:41:12,843 INFO success: varnishd entered RUNNING state, process has stayed up for > than 1 seconds (startsecs)
2018-10-29 18:41:12,843 INFO success: php-fpm entered RUNNING state, process has stayed up for > than 1 seconds (startsecs)
2018-10-29 18:41:12,844 INFO success: varnish-plugins-watcher entered RUNNING state, process has stayed up for > than 1 seconds (startsecs)
2018-10-29 18:41:12,845 INFO success: nginx entered RUNNING state, process has stayed up for > than 1 seconds (startsecs)
2018-10-29 18:41:12,845 INFO success: MailHog entered RUNNING state, process has stayed up for > than 1 seconds (startsecs)
2018-10-29 18:41:12,846 INFO success: mysql entered RUNNING state, process has stayed up for > than 1 seconds (startsecs)
2018-10-29 18:41:12,847 INFO success: varnish-themes-watcher entered RUNNING state, process has stayed up for > than 1 seconds (startsecs)
2018-10-30 15:40:12,283 CRIT Supervisor running as root (no user in config file)
2018-10-30 15:40:12,304 INFO Included extra file "/etc/supervisor/conf.d/supervisord.conf" during parsing
2018-10-30 15:40:13,153 INFO RPC interface 'supervisor' initialized
2018-10-30 15:40:13,154 CRIT Server 'unix_http_server' running without any HTTP authentication checking
2018-10-30 15:40:13,154 INFO supervisord started with pid 1
2018-10-30 15:40:14,160 INFO spawned: 'varnishd' with pid 49
2018-10-30 15:40:14,178 INFO spawned: 'php-fpm' with pid 50
2018-10-30 15:40:14,183 INFO spawned: 'varnish-plugins-watcher' with pid 51
2018-10-30 15:40:14,304 INFO spawned: 'nginx' with pid 52
2018-10-30 15:40:14,311 INFO spawned: 'MailHog' with pid 53
2018-10-30 15:40:14,320 INFO spawned: 'mysql' with pid 54
2018-10-30 15:40:14,325 INFO spawned: 'varnish-themes-watcher' with pid 55
2018-10-30 15:40:15,328 INFO success: varnishd entered RUNNING state, process has stayed up for > than 1 seconds (startsecs)
2018-10-30 15:40:15,328 INFO success: php-fpm entered RUNNING state, process has stayed up for > than 1 seconds (startsecs)
2018-10-30 15:40:15,328 INFO success: varnish-plugins-watcher entered RUNNING state, process has stayed up for > than 1 seconds (startsecs)
2018-10-30 15:40:15,329 INFO success: nginx entered RUNNING state, process has stayed up for > than 1 seconds (startsecs)
2018-10-30 15:40:15,329 INFO success: MailHog entered RUNNING state, process has stayed up for > than 1 seconds (startsecs)
2018-10-30 15:40:15,330 INFO success: mysql entered RUNNING state, process has stayed up for > than 1 seconds (startsecs)
2018-10-30 15:40:15,330 INFO success: varnish-themes-watcher entered RUNNING state, process has stayed up for > than 1 seconds (startsecs)
2018-10-31 19:13:58,190 CRIT Supervisor running as root (no user in config file)
2018-10-31 19:13:58,269 INFO Included extra file "/etc/supervisor/conf.d/supervisord.conf" during parsing
2018-10-31 19:13:58,994 INFO RPC interface 'supervisor' initialized
2018-10-31 19:13:58,994 CRIT Server 'unix_http_server' running without any HTTP authentication checking
2018-10-31 19:13:58,995 INFO supervisord started with pid 1
2018-10-31 19:14:00,001 INFO spawned: 'varnishd' with pid 43
2018-10-31 19:14:00,544 INFO spawned: 'php-fpm' with pid 44
2018-10-31 19:14:00,548 INFO spawned: 'varnish-plugins-watcher' with pid 45
2018-10-31 19:14:00,840 INFO spawned: 'nginx' with pid 46
2018-10-31 19:14:00,848 INFO spawned: 'MailHog' with pid 47
2018-10-31 19:14:00,857 INFO spawned: 'mysql' with pid 48
2018-10-31 19:14:00,863 INFO spawned: 'varnish-themes-watcher' with pid 49
2018-10-31 19:14:01,866 INFO success: varnishd entered RUNNING state, process has stayed up for > than 1 seconds (startsecs)
2018-10-31 19:14:02,157 INFO success: php-fpm entered RUNNING state, process has stayed up for > than 1 seconds (startsecs)
2018-10-31 19:14:02,157 INFO success: varnish-plugins-watcher entered RUNNING state, process has stayed up for > than 1 seconds (startsecs)
2018-10-31 19:14:02,158 INFO success: nginx entered RUNNING state, process has stayed up for > than 1 seconds (startsecs)
2018-10-31 19:14:02,158 INFO success: MailHog entered RUNNING state, process has stayed up for > than 1 seconds (startsecs)
2018-10-31 19:14:02,158 INFO success: mysql entered RUNNING state, process has stayed up for > than 1 seconds (startsecs)
2018-10-31 19:14:02,159 INFO success: varnish-themes-watcher entered RUNNING state, process has stayed up for > than 1 seconds (startsecs)
2018-11-01 01:08:22,364 WARN received SIGTERM indicating exit request
2018-11-01 01:08:22,521 INFO waiting for varnishd, php-fpm, varnish-plugins-watcher, nginx, MailHog, mysql, varnish-themes-watcher to die
2018-11-01 01:08:23,524 INFO stopped: varnish-themes-watcher (terminated by SIGTERM)
2018-11-01 01:08:23,540 INFO stopped: mysql (exit status 0)
2018-11-01 01:08:23,542 INFO stopped: MailHog (terminated by SIGTERM)
2018-11-01 01:08:24,526 INFO stopped: nginx (exit status 0)
2018-11-01 01:08:25,528 INFO stopped: varnish-plugins-watcher (terminated by SIGTERM)
2018-11-01 01:08:25,529 INFO waiting for varnishd, php-fpm to die
2018-11-01 01:08:25,837 INFO stopped: php-fpm (exit status 0)
2018-11-01 01:08:26,423 INFO reaped unknown pid 17326
2018-11-01 01:08:26,424 INFO reaped unknown pid 17325
2018-11-01 01:08:28,844 INFO waiting for varnishd to die
2018-11-01 01:08:31,848 INFO waiting for varnishd to die
2018-11-01 23:58:28,837 CRIT Supervisor running as root (no user in config file)
2018-11-01 23:58:28,860 INFO Included extra file "/etc/supervisor/conf.d/supervisord.conf" during parsing
2018-11-01 23:58:29,380 INFO RPC interface 'supervisor' initialized
2018-11-01 23:58:29,381 CRIT Server 'unix_http_server' running without any HTTP authentication checking
2018-11-01 23:58:29,381 INFO supervisord started with pid 1
2018-11-01 23:58:30,386 INFO spawned: 'varnishd' with pid 8
2018-11-01 23:58:30,494 INFO spawned: 'php-fpm' with pid 9
2018-11-01 23:58:30,501 INFO spawned: 'varnish-plugins-watcher' with pid 10
2018-11-01 23:58:30,532 INFO spawned: 'nginx' with pid 11
2018-11-01 23:58:30,541 INFO spawned: 'MailHog' with pid 12
2018-11-01 23:58:30,548 INFO spawned: 'mysql' with pid 13
2018-11-01 23:58:30,559 INFO spawned: 'varnish-themes-watcher' with pid 14
2018-11-01 23:58:32,011 INFO success: varnishd entered RUNNING state, process has stayed up for > than 1 seconds (startsecs)
2018-11-01 23:58:32,015 INFO success: php-fpm entered RUNNING state, process has stayed up for > than 1 seconds (startsecs)
2018-11-01 23:58:32,016 INFO success: varnish-plugins-watcher entered RUNNING state, process has stayed up for > than 1 seconds (startsecs)
2018-11-01 23:58:32,018 INFO success: nginx entered RUNNING state, process has stayed up for > than 1 seconds (startsecs)
2018-11-01 23:58:32,019 INFO success: MailHog entered RUNNING state, process has stayed up for > than 1 seconds (startsecs)
2018-11-01 23:58:32,020 INFO success: mysql entered RUNNING state, process has stayed up for > than 1 seconds (startsecs)
2018-11-01 23:58:32,021 INFO success: varnish-themes-watcher entered RUNNING state, process has stayed up for > than 1 seconds (startsecs)
2018-11-02 01:08:20,219 WARN received SIGTERM indicating exit request
2018-11-02 01:08:20,220 INFO waiting for varnishd, php-fpm, varnish-plugins-watcher, nginx, MailHog, mysql, varnish-themes-watcher to die
2018-11-02 01:08:21,222 INFO stopped: varnish-themes-watcher (terminated by SIGTERM)
2018-11-02 01:08:21,243 INFO stopped: mysql (exit status 0)
2018-11-02 01:08:21,248 INFO stopped: MailHog (terminated by SIGTERM)
2018-11-02 01:08:21,254 INFO stopped: nginx (exit status 0)
2018-11-02 01:08:22,257 INFO stopped: varnish-plugins-watcher (terminated by SIGTERM)
2018-11-02 01:08:22,276 INFO stopped: php-fpm (exit status 0)
2018-11-02 01:08:23,285 INFO waiting for varnishd to die
2018-11-02 01:08:23,580 INFO stopped: varnishd (exit status 0)
2018-11-02 15:30:51,240 CRIT Supervisor running as root (no user in config file)
2018-11-02 15:30:51,269 INFO Included extra file "/etc/supervisor/conf.d/supervisord.conf" during parsing
2018-11-02 15:30:51,445 INFO RPC interface 'supervisor' initialized
2018-11-02 15:30:51,445 CRIT Server 'unix_http_server' running without any HTTP authentication checking
2018-11-02 15:30:51,446 INFO supervisord started with pid 1
2018-11-02 15:30:52,451 INFO spawned: 'varnishd' with pid 8
2018-11-02 15:30:52,596 INFO spawned: 'php-fpm' with pid 9
2018-11-02 15:30:52,600 INFO spawned: 'varnish-plugins-watcher' with pid 10
2018-11-02 15:30:52,828 INFO spawned: 'nginx' with pid 11
2018-11-02 15:30:52,835 INFO spawned: 'MailHog' with pid 12
2018-11-02 15:30:52,842 INFO spawned: 'mysql' with pid 13
2018-11-02 15:30:52,847 INFO spawned: 'varnish-themes-watcher' with pid 14
2018-11-02 15:30:53,849 INFO success: varnishd entered RUNNING state, process has stayed up for > than 1 seconds (startsecs)
2018-11-02 15:30:53,989 INFO success: php-fpm entered RUNNING state, process has stayed up for > than 1 seconds (startsecs)
2018-11-02 15:30:53,989 INFO success: varnish-plugins-watcher entered RUNNING state, process has stayed up for > than 1 seconds (startsecs)
2018-11-02 15:30:53,990 INFO success: nginx entered RUNNING state, process has stayed up for > than 1 seconds (startsecs)
2018-11-02 15:30:53,990 INFO success: MailHog entered RUNNING state, process has stayed up for > than 1 seconds (startsecs)
2018-11-02 15:30:53,991 INFO success: mysql entered RUNNING state, process has stayed up for > than 1 seconds (startsecs)
2018-11-02 15:30:53,991 INFO success: varnish-themes-watcher entered RUNNING state, process has stayed up for > than 1 seconds (startsecs)
2018-11-02 19:26:38,210 WARN received SIGTERM indicating exit request
2018-11-02 19:26:39,588 INFO waiting for varnishd, php-fpm, varnish-plugins-watcher, nginx, MailHog, mysql, varnish-themes-watcher to die
2018-11-02 19:26:40,590 INFO stopped: varnish-themes-watcher (terminated by SIGTERM)
2018-11-02 19:26:41,699 INFO stopped: mysql (exit status 0)
2018-11-02 19:26:41,701 INFO stopped: MailHog (terminated by SIGTERM)
2018-11-02 19:26:41,883 INFO stopped: nginx (exit status 0)
2018-11-02 19:26:42,887 INFO stopped: varnish-plugins-watcher (terminated by SIGTERM)
2018-11-02 19:26:42,888 INFO waiting for varnishd, php-fpm to die
2018-11-02 19:26:43,527 INFO stopped: php-fpm (exit status 0)
2018-11-02 19:26:44,143 INFO reaped unknown pid 11506
2018-11-02 19:26:44,144 INFO reaped unknown pid 11507
2018-11-02 19:26:46,532 INFO waiting for varnishd to die
2018-11-05 15:26:57,887 CRIT Supervisor running as root (no user in config file)
2018-11-05 15:26:57,934 INFO Included extra file "/etc/supervisor/conf.d/supervisord.conf" during parsing
2018-11-05 15:26:58,602 INFO RPC interface 'supervisor' initialized
2018-11-05 15:26:58,602 CRIT Server 'unix_http_server' running without any HTTP authentication checking
2018-11-05 15:26:58,603 INFO supervisord started with pid 1
2018-11-05 15:26:59,608 INFO spawned: 'varnishd' with pid 8
2018-11-05 15:26:59,952 INFO spawned: 'php-fpm' with pid 9
2018-11-05 15:26:59,956 INFO spawned: 'varnish-plugins-watcher' with pid 10
2018-11-05 15:27:00,117 INFO spawned: 'nginx' with pid 11
2018-11-05 15:27:00,126 INFO spawned: 'MailHog' with pid 12
2018-11-05 15:27:00,133 INFO spawned: 'mysql' with pid 13
2018-11-05 15:27:00,139 INFO spawned: 'varnish-themes-watcher' with pid 14
2018-11-05 15:27:01,141 INFO success: varnishd entered RUNNING state, process has stayed up for > than 1 seconds (startsecs)
2018-11-05 15:27:01,142 INFO success: php-fpm entered RUNNING state, process has stayed up for > than 1 seconds (startsecs)
2018-11-05 15:27:01,142 INFO success: varnish-plugins-watcher entered RUNNING state, process has stayed up for > than 1 seconds (startsecs)
2018-11-05 15:27:01,143 INFO success: nginx entered RUNNING state, process has stayed up for > than 1 seconds (startsecs)
2018-11-05 15:27:01,143 INFO success: MailHog entered RUNNING state, process has stayed up for > than 1 seconds (startsecs)
2018-11-05 15:27:01,143 INFO success: mysql entered RUNNING state, process has stayed up for > than 1 seconds (startsecs)
2018-11-05 15:27:01,143 INFO success: varnish-themes-watcher entered RUNNING state, process has stayed up for > than 1 seconds (startsecs)
2018-11-05 15:27:38,276 INFO exited: varnishd (exit status 1; not expected)
2018-11-05 15:27:39,285 INFO spawned: 'varnishd' with pid 86
2018-11-05 15:27:40,289 INFO success: varnishd entered RUNNING state, process has stayed up for > than 1 seconds (startsecs)
2018-11-05 23:43:27,882 WARN received SIGTERM indicating exit request
2018-11-05 23:43:27,906 INFO waiting for varnishd, php-fpm, varnish-plugins-watcher, nginx, MailHog, mysql, varnish-themes-watcher to die
2018-11-05 23:43:28,909 INFO stopped: varnish-themes-watcher (terminated by SIGTERM)
2018-11-05 23:43:29,167 INFO stopped: mysql (exit status 0)
2018-11-05 23:43:29,338 INFO stopped: MailHog (terminated by SIGTERM)
2018-11-05 23:43:29,714 INFO stopped: nginx (exit status 0)
2018-11-05 23:43:30,622 INFO stopped: varnish-plugins-watcher (terminated by SIGTERM)
2018-11-05 23:43:30,670 INFO reaped unknown pid 24222
2018-11-05 23:43:30,670 INFO reaped unknown pid 24223
2018-11-05 23:43:30,770 INFO stopped: php-fpm (exit status 0)
2018-11-05 23:43:31,915 INFO waiting for varnishd to die
2018-11-05 23:43:35,389 INFO waiting for varnishd to die
2018-11-05 23:43:38,424 INFO waiting for varnishd to die
2018-11-06 18:48:18,069 CRIT Supervisor running as root (no user in config file)
2018-11-06 18:48:18,090 INFO Included extra file "/etc/supervisor/conf.d/supervisord.conf" during parsing
2018-11-06 18:48:18,891 INFO RPC interface 'supervisor' initialized
2018-11-06 18:48:18,892 CRIT Server 'unix_http_server' running without any HTTP authentication checking
2018-11-06 18:48:18,893 INFO supervisord started with pid 1
2018-11-06 18:48:19,915 INFO spawned: 'varnishd' with pid 81
2018-11-06 18:48:19,932 INFO spawned: 'php-fpm' with pid 82
2018-11-06 18:48:19,941 INFO spawned: 'varnish-plugins-watcher' with pid 83
2018-11-06 18:48:20,030 INFO spawned: 'nginx' with pid 84
2018-11-06 18:48:20,040 INFO spawned: 'MailHog' with pid 85
2018-11-06 18:48:20,066 INFO spawned: 'mysql' with pid 86
2018-11-06 18:48:20,100 INFO spawned: 'varnish-themes-watcher' with pid 87
2018-11-06 18:48:21,156 INFO success: varnishd entered RUNNING state, process has stayed up for > than 1 seconds (startsecs)
2018-11-06 18:48:21,347 INFO success: php-fpm entered RUNNING state, process has stayed up for > than 1 seconds (startsecs)
2018-11-06 18:48:21,480 INFO success: varnish-plugins-watcher entered RUNNING state, process has stayed up for > than 1 seconds (startsecs)
2018-11-06 18:48:21,480 INFO success: nginx entered RUNNING state, process has stayed up for > than 1 seconds (startsecs)
2018-11-06 18:48:21,481 INFO success: MailHog entered RUNNING state, process has stayed up for > than 1 seconds (startsecs)
2018-11-06 18:48:21,482 INFO success: mysql entered RUNNING state, process has stayed up for > than 1 seconds (startsecs)
2018-11-06 18:48:21,483 INFO success: varnish-themes-watcher entered RUNNING state, process has stayed up for > than 1 seconds (startsecs)
2018-11-06 20:39:05,815 WARN received SIGTERM indicating exit request
2018-11-06 20:39:05,851 INFO waiting for varnishd, php-fpm, varnish-plugins-watcher, nginx, MailHog, mysql, varnish-themes-watcher to die
2018-11-06 20:39:06,853 INFO stopped: varnish-themes-watcher (terminated by SIGTERM)
2018-11-06 20:39:07,265 INFO stopped: mysql (exit status 0)
2018-11-06 20:39:07,268 INFO stopped: MailHog (terminated by SIGTERM)
2018-11-06 20:39:07,346 INFO stopped: nginx (exit status 0)
2018-11-06 20:39:08,315 INFO stopped: varnish-plugins-watcher (terminated by SIGTERM)
2018-11-06 20:39:08,339 INFO reaped unknown pid 5730
2018-11-06 20:39:08,340 INFO reaped unknown pid 5729
2018-11-06 20:39:08,439 INFO stopped: php-fpm (exit status 0)
2018-11-06 20:39:09,444 INFO waiting for varnishd to die
2018-11-06 20:39:10,018 INFO stopped: varnishd (exit status 0)
2018-11-08 00:30:37,184 CRIT Supervisor running as root (no user in config file)
2018-11-08 00:30:37,200 INFO Included extra file "/etc/supervisor/conf.d/supervisord.conf" during parsing
2018-11-08 00:30:37,629 INFO RPC interface 'supervisor' initialized
2018-11-08 00:30:37,642 CRIT Server 'unix_http_server' running without any HTTP authentication checking
2018-11-08 00:30:37,643 INFO supervisord started with pid 1
2018-11-08 00:30:38,730 INFO spawned: 'varnishd' with pid 71
2018-11-08 00:30:38,784 INFO spawned: 'php-fpm' with pid 72
2018-11-08 00:30:38,899 INFO spawned: 'varnish-plugins-watcher' with pid 73
2018-11-08 00:30:39,369 INFO spawned: 'nginx' with pid 76
2018-11-08 00:30:39,380 INFO spawned: 'MailHog' with pid 77
2018-11-08 00:30:39,391 INFO spawned: 'mysql' with pid 78
2018-11-08 00:30:39,396 INFO spawned: 'varnish-themes-watcher' with pid 79
2018-11-08 00:30:40,409 INFO success: varnishd entered RUNNING state, process has stayed up for > than 1 seconds (startsecs)
2018-11-08 00:30:40,410 INFO success: php-fpm entered RUNNING state, process has stayed up for > than 1 seconds (startsecs)
2018-11-08 00:30:40,410 INFO success: varnish-plugins-watcher entered RUNNING state, process has stayed up for > than 1 seconds (startsecs)
2018-11-08 00:30:40,410 INFO success: nginx entered RUNNING state, process has stayed up for > than 1 seconds (startsecs)
2018-11-08 00:30:40,411 INFO success: MailHog entered RUNNING state, process has stayed up for > than 1 seconds (startsecs)
2018-11-08 00:30:40,411 INFO success: mysql entered RUNNING state, process has stayed up for > than 1 seconds (startsecs)
2018-11-08 00:30:40,411 INFO success: varnish-themes-watcher entered RUNNING state, process has stayed up for > than 1 seconds (startsecs)
2018-11-12 21:53:17,129 CRIT Supervisor running as root (no user in config file)
2018-11-12 21:53:17,143 INFO Included extra file "/etc/supervisor/conf.d/supervisord.conf" during parsing
2018-11-12 21:53:17,663 INFO RPC interface 'supervisor' initialized
2018-11-12 21:53:17,664 CRIT Server 'unix_http_server' running without any HTTP authentication checking
2018-11-12 21:53:17,664 INFO supervisord started with pid 1
2018-11-12 21:53:18,671 INFO spawned: 'varnishd' with pid 13
2018-11-12 21:53:18,679 INFO spawned: 'php-fpm' with pid 14
2018-11-12 21:53:18,685 INFO spawned: 'varnish-plugins-watcher' with pid 15
2018-11-12 21:53:18,711 INFO spawned: 'nginx' with pid 16
2018-11-12 21:53:18,721 INFO spawned: 'MailHog' with pid 17
2018-11-12 21:53:18,735 INFO spawned: 'mysql' with pid 18
2018-11-12 21:53:18,755 INFO spawned: 'varnish-themes-watcher' with pid 19
2018-11-12 21:53:19,942 INFO success: varnishd entered RUNNING state, process has stayed up for > than 1 seconds (startsecs)
2018-11-12 21:53:19,943 INFO success: php-fpm entered RUNNING state, process has stayed up for > than 1 seconds (startsecs)
2018-11-12 21:53:19,944 INFO success: varnish-plugins-watcher entered RUNNING state, process has stayed up for > than 1 seconds (startsecs)
2018-11-12 21:53:19,944 INFO success: nginx entered RUNNING state, process has stayed up for > than 1 seconds (startsecs)
2018-11-12 21:53:19,944 INFO success: MailHog entered RUNNING state, process has stayed up for > than 1 seconds (startsecs)
2018-11-12 21:53:19,945 INFO success: mysql entered RUNNING state, process has stayed up for > than 1 seconds (startsecs)
2018-11-12 21:53:19,945 INFO success: varnish-themes-watcher entered RUNNING state, process has stayed up for > than 1 seconds (startsecs)
2018-11-12 21:53:49,797 INFO exited: mysql (exit status 0; expected)
2018-11-12 21:53:50,810 INFO spawned: 'mysql' with pid 363
2018-11-12 21:53:51,813 INFO success: mysql entered RUNNING state, process has stayed up for > than 1 seconds (startsecs)
2018-11-12 21:53:54,996 INFO exited: mysql (exit status 0; expected)
2018-11-12 21:53:56,003 INFO spawned: 'mysql' with pid 394
2018-11-12 21:53:57,005 INFO success: mysql entered RUNNING state, process has stayed up for > than 1 seconds (startsecs)
2018-11-12 21:53:59,586 INFO exited: mysql (exit status 0; expected)
2018-11-12 21:54:00,592 INFO spawned: 'mysql' with pid 425
2018-11-12 21:54:01,595 INFO success: mysql entered RUNNING state, process has stayed up for > than 1 seconds (startsecs)
2018-11-12 21:54:04,387 INFO exited: mysql (exit status 0; expected)
2018-11-12 21:54:05,394 INFO spawned: 'mysql' with pid 456
2018-11-12 21:54:06,397 INFO success: mysql entered RUNNING state, process has stayed up for > than 1 seconds (startsecs)
2018-11-12 21:54:08,341 INFO exited: mysql (exit status 0; expected)
2018-11-12 21:54:09,347 INFO spawned: 'mysql' with pid 487
2018-11-12 21:54:10,350 INFO success: mysql entered RUNNING state, process has stayed up for > than 1 seconds (startsecs)
2018-11-12 21:54:12,262 INFO exited: mysql (exit status 0; expected)
2018-11-12 21:54:13,268 INFO spawned: 'mysql' with pid 514
2018-11-12 21:54:14,271 INFO success: mysql entered RUNNING state, process has stayed up for > than 1 seconds (startsecs)
2018-11-12 21:54:15,652 INFO exited: mysql (exit status 0; expected)
2018-11-12 21:54:16,658 INFO spawned: 'mysql' with pid 545
2018-11-12 21:54:17,661 INFO success: mysql entered RUNNING state, process has stayed up for > than 1 seconds (startsecs)
2018-11-12 21:54:19,112 INFO exited: mysql (exit status 0; expected)
2018-11-12 21:54:20,118 INFO spawned: 'mysql' with pid 577
2018-11-12 21:54:21,122 INFO success: mysql entered RUNNING state, process has stayed up for > than 1 seconds (startsecs)
2018-11-12 21:54:22,533 INFO exited: mysql (exit status 0; expected)
2018-11-12 21:54:23,540 INFO spawned: 'mysql' with pid 604
2018-11-12 21:54:24,542 INFO success: mysql entered RUNNING state, process has stayed up for > than 1 seconds (startsecs)
2018-11-12 21:54:26,291 INFO exited: mysql (exit status 0; expected)
2018-11-12 21:54:27,299 INFO spawned: 'mysql' with pid 635
2018-11-12 21:54:28,302 INFO success: mysql entered RUNNING state, process has stayed up for > than 1 seconds (startsecs)
2018-11-12 21:54:29,632 INFO exited: mysql (exit status 0; expected)
2018-11-12 21:54:30,699 INFO spawned: 'mysql' with pid 666
2018-11-12 21:54:31,700 INFO success: mysql entered RUNNING state, process has stayed up for > than 1 seconds (startsecs)
2018-11-12 21:54:33,073 INFO exited: mysql (exit status 0; expected)
2018-11-12 21:54:34,079 INFO spawned: 'mysql' with pid 697
2018-11-12 21:54:35,082 INFO success: mysql entered RUNNING state, process has stayed up for > than 1 seconds (startsecs)
2018-11-12 21:54:36,753 INFO exited: mysql (exit status 0; expected)
2018-11-12 21:54:37,760 INFO spawned: 'mysql' with pid 724
2018-11-12 21:54:38,764 INFO success: mysql entered RUNNING state, process has stayed up for > than 1 seconds (startsecs)
2018-11-12 21:54:40,215 INFO exited: mysql (exit status 0; expected)
2018-11-12 21:54:41,222 INFO spawned: 'mysql' with pid 755
2018-11-12 21:54:42,226 INFO success: mysql entered RUNNING state, process has stayed up for > than 1 seconds (startsecs)
2018-11-12 21:54:43,705 INFO exited: mysql (exit status 0; expected)
2018-11-12 21:54:44,710 INFO spawned: 'mysql' with pid 786
2018-11-12 21:54:45,713 INFO success: mysql entered RUNNING state, process has stayed up for > than 1 seconds (startsecs)
2018-11-12 21:54:47,549 INFO exited: mysql (exit status 0; expected)
2018-11-12 21:54:48,556 INFO spawned: 'mysql' with pid 813
2018-11-12 21:54:49,558 INFO success: mysql entered RUNNING state, process has stayed up for > than 1 seconds (startsecs)
2018-11-12 21:54:51,053 INFO exited: mysql (exit status 0; expected)
2018-11-12 21:54:52,060 INFO spawned: 'mysql' with pid 844
2018-11-12 21:54:53,063 INFO success: mysql entered RUNNING state, process has stayed up for > than 1 seconds (startsecs)
2018-11-12 21:54:54,352 INFO exited: mysql (exit status 0; expected)
2018-11-12 21:54:55,358 INFO spawned: 'mysql' with pid 875
2018-11-12 21:54:56,361 INFO success: mysql entered RUNNING state, process has stayed up for > than 1 seconds (startsecs)
2018-11-12 21:54:57,683 INFO exited: mysql (exit status 0; expected)
2018-11-12 21:54:58,690 INFO spawned: 'mysql' with pid 902
2018-11-12 21:54:59,693 INFO success: mysql entered RUNNING state, process has stayed up for > than 1 seconds (startsecs)
2018-11-12 21:55:01,093 INFO exited: mysql (exit status 0; expected)
2018-11-12 21:55:02,099 INFO spawned: 'mysql' with pid 933
2018-11-12 21:55:03,102 INFO success: mysql entered RUNNING state, process has stayed up for > than 1 seconds (startsecs)
2018-11-12 21:55:04,433 INFO exited: mysql (exit status 0; expected)
2018-11-12 21:55:05,441 INFO spawned: 'mysql' with pid 964
2018-11-12 21:55:06,444 INFO success: mysql entered RUNNING state, process has stayed up for > than 1 seconds (startsecs)
2018-11-12 21:55:07,843 INFO exited: mysql (exit status 0; expected)
2018-11-12 21:55:08,849 INFO spawned: 'mysql' with pid 991
2018-11-12 21:55:09,852 INFO success: mysql entered RUNNING state, process has stayed up for > than 1 seconds (startsecs)
2018-11-12 21:55:11,567 INFO exited: mysql (exit status 0; expected)
2018-11-12 21:55:13,169 INFO spawned: 'mysql' with pid 1022
2018-11-12 21:55:14,173 INFO success: mysql entered RUNNING state, process has stayed up for > than 1 seconds (startsecs)
2018-11-12 21:55:16,412 INFO exited: mysql (exit status 0; expected)
2018-11-12 21:55:17,419 INFO spawned: 'mysql' with pid 1053
2018-11-12 21:55:18,422 INFO success: mysql entered RUNNING state, process has stayed up for > than 1 seconds (startsecs)
2018-11-12 21:55:20,148 INFO exited: mysql (exit status 0; expected)
2018-11-12 21:55:21,155 INFO spawned: 'mysql' with pid 1084
2018-11-12 21:55:22,158 INFO success: mysql entered RUNNING state, process has stayed up for > than 1 seconds (startsecs)
2018-11-12 21:55:23,711 INFO exited: mysql (exit status 0; expected)
2018-11-12 21:55:24,718 INFO spawned: 'mysql' with pid 1115
2018-11-12 21:55:25,721 INFO success: mysql entered RUNNING state, process has stayed up for > than 1 seconds (startsecs)
2018-11-12 21:55:27,140 INFO exited: mysql (exit status 0; expected)
2018-11-12 21:55:28,147 INFO spawned: 'mysql' with pid 1142
2018-11-12 21:55:29,150 INFO success: mysql entered RUNNING state, process has stayed up for > than 1 seconds (startsecs)
2018-11-12 21:55:30,683 INFO exited: mysql (exit status 0; expected)
2018-11-12 21:55:31,689 INFO spawned: 'mysql' with pid 1173
2018-11-12 21:55:32,693 INFO success: mysql entered RUNNING state, process has stayed up for > than 1 seconds (startsecs)
2018-11-12 21:55:34,073 INFO exited: mysql (exit status 0; expected)
2018-11-12 21:55:35,080 INFO spawned: 'mysql' with pid 1204
2018-11-12 21:55:36,084 INFO success: mysql entered RUNNING state, process has stayed up for > than 1 seconds (startsecs)
2018-11-12 21:55:37,414 INFO exited: mysql (exit status 0; expected)
2018-11-12 21:55:38,421 INFO spawned: 'mysql' with pid 1231
2018-11-12 21:55:39,423 INFO success: mysql entered RUNNING state, process has stayed up for > than 1 seconds (startsecs)
2018-11-12 21:55:40,942 INFO exited: mysql (exit status 0; expected)
2018-11-12 21:55:41,949 INFO spawned: 'mysql' with pid 1262
2018-11-12 21:55:42,952 INFO success: mysql entered RUNNING state, process has stayed up for > than 1 seconds (startsecs)
2018-11-12 21:55:44,623 INFO exited: mysql (exit status 0; expected)
2018-11-12 21:55:45,629 INFO spawned: 'mysql' with pid 1293
2018-11-12 21:55:46,632 INFO success: mysql entered RUNNING state, process has stayed up for > than 1 seconds (startsecs)
2018-11-12 21:55:48,023 INFO exited: mysql (exit status 0; expected)
2018-11-12 21:55:49,029 INFO spawned: 'mysql' with pid 1320
2018-11-12 21:55:50,031 INFO success: mysql entered RUNNING state, process has stayed up for > than 1 seconds (startsecs)
2018-11-12 21:55:51,736 INFO exited: mysql (exit status 0; expected)
2018-11-12 21:55:52,743 INFO spawned: 'mysql' with pid 1351
2018-11-12 21:55:53,745 INFO success: mysql entered RUNNING state, process has stayed up for > than 1 seconds (startsecs)
2018-11-12 21:55:55,043 INFO exited: mysql (exit status 0; expected)
2018-11-12 21:55:56,049 INFO spawned: 'mysql' with pid 1382
2018-11-12 21:55:57,053 INFO success: mysql entered RUNNING state, process has stayed up for > than 1 seconds (startsecs)
2018-11-12 21:55:58,417 INFO exited: mysql (exit status 0; expected)
2018-11-12 21:55:59,425 INFO spawned: 'mysql' with pid 1413
2018-11-12 21:56:00,427 INFO success: mysql entered RUNNING state, process has stayed up for > than 1 seconds (startsecs)
2018-11-12 21:56:02,141 INFO exited: mysql (exit status 0; expected)
2018-11-12 21:56:03,148 INFO spawned: 'mysql' with pid 1440
2018-11-12 21:56:04,151 INFO success: mysql entered RUNNING state, process has stayed up for > than 1 seconds (startsecs)
2018-11-12 21:56:05,581 INFO exited: mysql (exit status 0; expected)
2018-11-12 21:56:06,588 INFO spawned: 'mysql' with pid 1471
2018-11-12 21:56:07,590 INFO success: mysql entered RUNNING state, process has stayed up for > than 1 seconds (startsecs)
2018-11-12 21:56:09,393 INFO exited: mysql (exit status 0; expected)
2018-11-12 21:56:10,400 INFO spawned: 'mysql' with pid 1502
2018-11-12 21:56:11,402 INFO success: mysql entered RUNNING state, process has stayed up for > than 1 seconds (startsecs)
2018-11-12 21:56:13,052 INFO exited: mysql (exit status 0; expected)
2018-11-12 21:56:14,059 INFO spawned: 'mysql' with pid 1529
2018-11-12 21:56:15,063 INFO success: mysql entered RUNNING state, process has stayed up for > than 1 seconds (startsecs)
2018-11-12 21:56:16,643 INFO exited: mysql (exit status 0; expected)
2018-11-12 21:56:17,649 INFO spawned: 'mysql' with pid 1560
2018-11-12 21:56:18,652 INFO success: mysql entered RUNNING state, process has stayed up for > than 1 seconds (startsecs)
2018-11-12 21:56:20,013 INFO exited: mysql (exit status 0; expected)
2018-11-12 21:56:21,020 INFO spawned: 'mysql' with pid 1591
2018-11-12 21:56:22,022 INFO success: mysql entered RUNNING state, process has stayed up for > than 1 seconds (startsecs)
2018-11-12 21:56:23,773 INFO exited: mysql (exit status 0; expected)
2018-11-12 21:56:24,780 INFO spawned: 'mysql' with pid 1622
2018-11-12 21:56:25,783 INFO success: mysql entered RUNNING state, process has stayed up for > than 1 seconds (startsecs)
2018-11-12 21:56:27,103 INFO exited: mysql (exit status 0; expected)
2018-11-12 21:56:28,109 INFO spawned: 'mysql' with pid 1649
2018-11-12 21:56:29,112 INFO success: mysql entered RUNNING state, process has stayed up for > than 1 seconds (startsecs)
2018-11-12 21:56:30,694 INFO exited: mysql (exit status 0; expected)
2018-11-12 21:56:31,701 INFO spawned: 'mysql' with pid 1680
2018-11-12 21:56:32,704 INFO success: mysql entered RUNNING state, process has stayed up for > than 1 seconds (startsecs)
2018-11-12 21:56:34,124 INFO exited: mysql (exit status 0; expected)
2018-11-12 21:56:35,132 INFO spawned: 'mysql' with pid 1711
2018-11-12 21:56:36,135 INFO success: mysql entered RUNNING state, process has stayed up for > than 1 seconds (startsecs)
2018-11-12 21:56:37,522 INFO exited: mysql (exit status 0; expected)
2018-11-12 21:56:38,529 INFO spawned: 'mysql' with pid 1738
2018-11-12 21:56:39,531 INFO success: mysql entered RUNNING state, process has stayed up for > than 1 seconds (startsecs)
2018-11-12 21:56:41,314 INFO exited: mysql (exit status 0; expected)
2018-11-12 21:56:42,321 INFO spawned: 'mysql' with pid 1769
2018-11-12 21:56:43,323 INFO success: mysql entered RUNNING state, process has stayed up for > than 1 seconds (startsecs)
2018-11-12 21:56:44,643 INFO exited: mysql (exit status 0; expected)
2018-11-12 21:56:45,649 INFO spawned: 'mysql' with pid 1800
2018-11-12 21:56:46,652 INFO success: mysql entered RUNNING state, process has stayed up for > than 1 seconds (startsecs)
2018-11-12 21:56:48,484 INFO exited: mysql (exit status 0; expected)
2018-11-12 21:56:49,490 INFO spawned: 'mysql' with pid 1831
2018-11-12 21:56:50,493 INFO success: mysql entered RUNNING state, process has stayed up for > than 1 seconds (startsecs)
2018-11-12 21:56:52,273 INFO exited: mysql (exit status 0; expected)
2018-11-12 21:56:53,279 INFO spawned: 'mysql' with pid 1858
2018-11-12 21:56:54,281 INFO success: mysql entered RUNNING state, process has stayed up for > than 1 seconds (startsecs)
2018-11-12 21:56:56,353 INFO exited: mysql (exit status 0; expected)
2018-11-12 21:56:57,359 INFO spawned: 'mysql' with pid 1889
2018-11-12 21:56:58,362 INFO success: mysql entered RUNNING state, process has stayed up for > than 1 seconds (startsecs)
2018-11-12 21:57:01,602 INFO exited: mysql (exit status 0; expected)
2018-11-12 21:57:02,609 INFO spawned: 'mysql' with pid 1920
2018-11-12 21:57:03,612 INFO success: mysql entered RUNNING state, process has stayed up for > than 1 seconds (startsecs)
2018-11-12 21:57:05,793 INFO exited: mysql (exit status 0; expected)
2018-11-12 21:57:06,799 INFO spawned: 'mysql' with pid 1951
2018-11-12 21:57:07,802 INFO success: mysql entered RUNNING state, process has stayed up for > than 1 seconds (startsecs)
2018-11-12 21:57:10,043 INFO exited: mysql (exit status 0; expected)
2018-11-12 21:57:11,050 INFO spawned: 'mysql' with pid 1982
2018-11-12 21:57:12,053 INFO success: mysql entered RUNNING state, process has stayed up for > than 1 seconds (startsecs)
2018-11-12 21:57:13,556 INFO exited: mysql (exit status 0; expected)
2018-11-12 21:57:14,562 INFO spawned: 'mysql' with pid 2013
2018-11-12 21:57:15,565 INFO success: mysql entered RUNNING state, process has stayed up for > than 1 seconds (startsecs)
2018-11-12 21:57:16,893 INFO exited: mysql (exit status 0; expected)
2018-11-12 21:57:17,899 INFO spawned: 'mysql' with pid 2040
2018-11-12 21:57:19,798 INFO success: mysql entered RUNNING state, process has stayed up for > than 1 seconds (startsecs)
2018-11-12 21:57:20,325 INFO exited: mysql (exit status 0; expected)
2018-11-12 21:57:21,332 INFO spawned: 'mysql' with pid 2071
2018-11-12 21:57:22,334 INFO success: mysql entered RUNNING state, process has stayed up for > than 1 seconds (startsecs)
2018-11-12 21:57:23,633 INFO exited: mysql (exit status 0; expected)
2018-11-12 21:57:24,639 INFO spawned: 'mysql' with pid 2102
2018-11-12 21:57:25,642 INFO success: mysql entered RUNNING state, process has stayed up for > than 1 seconds (startsecs)
2018-11-12 21:57:27,192 INFO exited: mysql (exit status 0; expected)
2018-11-12 21:57:28,198 INFO spawned: 'mysql' with pid 2129
2018-11-12 21:57:29,201 INFO success: mysql entered RUNNING state, process has stayed up for > than 1 seconds (startsecs)
2018-11-12 21:57:30,585 INFO exited: mysql (exit status 0; expected)
2018-11-12 21:57:31,592 INFO spawned: 'mysql' with pid 2160
2018-11-12 21:57:32,596 INFO success: mysql entered RUNNING state, process has stayed up for > than 1 seconds (startsecs)
2018-11-12 21:57:34,045 INFO exited: mysql (exit status 0; expected)
2018-11-12 21:57:35,052 INFO spawned: 'mysql' with pid 2191
2018-11-12 21:57:36,056 INFO success: mysql entered RUNNING state, process has stayed up for > than 1 seconds (startsecs)
2018-11-12 21:57:37,592 INFO exited: mysql (exit status 0; expected)
2018-11-12 21:57:38,600 INFO spawned: 'mysql' with pid 2218
2018-11-12 21:57:39,602 INFO success: mysql entered RUNNING state, process has stayed up for > than 1 seconds (startsecs)
2018-11-12 21:57:40,960 INFO exited: mysql (exit status 0; expected)
2018-11-12 21:57:41,966 INFO spawned: 'mysql' with pid 2249
2018-11-12 21:57:42,970 INFO success: mysql entered RUNNING state, process has stayed up for > than 1 seconds (startsecs)
2018-11-12 21:57:44,314 INFO exited: mysql (exit status 0; expected)
2018-11-12 21:57:45,321 INFO spawned: 'mysql' with pid 2280
2018-11-12 21:57:46,325 INFO success: mysql entered RUNNING state, process has stayed up for > than 1 seconds (startsecs)
2018-11-12 21:57:47,772 INFO exited: mysql (exit status 0; expected)
2018-11-12 21:57:48,779 INFO spawned: 'mysql' with pid 2307
2018-11-12 21:57:49,782 INFO success: mysql entered RUNNING state, process has stayed up for > than 1 seconds (startsecs)
2018-11-12 21:57:51,162 INFO exited: mysql (exit status 0; expected)
2018-11-12 21:57:52,169 INFO spawned: 'mysql' with pid 2338
2018-11-12 21:57:53,172 INFO success: mysql entered RUNNING state, process has stayed up for > than 1 seconds (startsecs)
2018-11-12 21:57:54,493 INFO exited: mysql (exit status 0; expected)
2018-11-12 21:57:55,500 INFO spawned: 'mysql' with pid 2369
2018-11-12 21:57:56,505 INFO success: mysql entered RUNNING state, process has stayed up for > than 1 seconds (startsecs)
2018-11-12 21:57:57,812 INFO exited: mysql (exit status 0; expected)
2018-11-12 21:57:58,819 INFO spawned: 'mysql' with pid 2396
2018-11-12 21:57:59,822 INFO success: mysql entered RUNNING state, process has stayed up for > than 1 seconds (startsecs)
2018-11-12 21:58:01,563 INFO exited: mysql (exit status 0; expected)
2018-11-12 21:58:02,570 INFO spawned: 'mysql' with pid 2427
2018-11-12 21:58:03,574 INFO success: mysql entered RUNNING state, process has stayed up for > than 1 seconds (startsecs)
2018-11-12 21:58:04,973 INFO exited: mysql (exit status 0; expected)
2018-11-12 21:58:05,980 INFO spawned: 'mysql' with pid 2458
2018-11-12 21:58:06,982 INFO success: mysql entered RUNNING state, process has stayed up for > than 1 seconds (startsecs)
2018-11-12 21:58:08,342 INFO exited: mysql (exit status 0; expected)
2018-11-12 21:58:09,348 INFO spawned: 'mysql' with pid 2489
2018-11-12 21:58:10,351 INFO success: mysql entered RUNNING state, process has stayed up for > than 1 seconds (startsecs)
2018-11-12 21:58:11,672 INFO exited: mysql (exit status 0; expected)
2018-11-12 21:58:12,679 INFO spawned: 'mysql' with pid 2516
2018-11-12 21:58:13,682 INFO success: mysql entered RUNNING state, process has stayed up for > than 1 seconds (startsecs)
2018-11-12 21:58:15,258 INFO exited: mysql (exit status 0; expected)
2018-11-12 21:58:16,265 INFO spawned: 'mysql' with pid 2547
2018-11-12 21:58:17,269 INFO success: mysql entered RUNNING state, process has stayed up for > than 1 seconds (startsecs)
2018-11-12 21:58:18,968 INFO exited: mysql (exit status 0; expected)
2018-11-12 21:58:19,975 INFO spawned: 'mysql' with pid 2578
2018-11-12 21:58:20,979 INFO success: mysql entered RUNNING state, process has stayed up for > than 1 seconds (startsecs)
2018-11-12 21:58:22,343 INFO exited: mysql (exit status 0; expected)
2018-11-12 21:58:23,350 INFO spawned: 'mysql' with pid 2605
2018-11-12 21:58:24,352 INFO success: mysql entered RUNNING state, process has stayed up for > than 1 seconds (startsecs)
2018-11-12 21:58:26,160 INFO exited: mysql (exit status 0; expected)
2018-11-12 21:58:27,167 INFO spawned: 'mysql' with pid 2636
2018-11-12 21:58:28,171 INFO success: mysql entered RUNNING state, process has stayed up for > than 1 seconds (startsecs)
2018-11-12 21:58:29,735 INFO exited: mysql (exit status 0; expected)
2018-11-12 21:58:30,741 INFO spawned: 'mysql' with pid 2667
2018-11-12 21:58:31,744 INFO success: mysql entered RUNNING state, process has stayed up for > than 1 seconds (startsecs)
2018-11-12 21:58:33,072 INFO exited: mysql (exit status 0; expected)
2018-11-12 21:58:34,079 INFO spawned: 'mysql' with pid 2694
2018-11-12 21:58:35,082 INFO success: mysql entered RUNNING state, process has stayed up for > than 1 seconds (startsecs)
2018-11-12 21:58:36,522 INFO exited: mysql (exit status 0; expected)
2018-11-12 21:58:37,529 INFO spawned: 'mysql' with pid 2725
2018-11-12 21:58:38,532 INFO success: mysql entered RUNNING state, process has stayed up for > than 1 seconds (startsecs)
2018-11-12 21:58:39,844 INFO exited: mysql (exit status 0; expected)
2018-11-12 21:58:40,850 INFO spawned: 'mysql' with pid 2756
2018-11-12 21:58:41,852 INFO success: mysql entered RUNNING state, process has stayed up for > than 1 seconds (startsecs)
2018-11-12 21:58:43,156 INFO exited: mysql (exit status 0; expected)
2018-11-12 21:58:44,163 INFO spawned: 'mysql' with pid 2783
2018-11-12 21:58:45,167 INFO success: mysql entered RUNNING state, process has stayed up for > than 1 seconds (startsecs)
2018-11-12 21:58:46,630 INFO exited: mysql (exit status 0; expected)
2018-11-12 21:58:47,636 INFO spawned: 'mysql' with pid 2814
2018-11-12 21:58:48,640 INFO success: mysql entered RUNNING state, process has stayed up for > than 1 seconds (startsecs)
2018-11-12 21:58:50,594 INFO exited: mysql (exit status 0; expected)
2018-11-12 21:58:51,601 INFO spawned: 'mysql' with pid 2845
2018-11-12 21:58:52,604 INFO success: mysql entered RUNNING state, process has stayed up for > than 1 seconds (startsecs)
2018-11-12 21:58:54,304 INFO exited: mysql (exit status 0; expected)
2018-11-12 21:58:55,311 INFO spawned: 'mysql' with pid 2876
2018-11-12 21:58:56,315 INFO success: mysql entered RUNNING state, process has stayed up for > than 1 seconds (startsecs)
2018-11-12 21:58:57,634 INFO exited: mysql (exit status 0; expected)
2018-11-12 21:58:58,641 INFO spawned: 'mysql' with pid 2903
2018-11-12 21:58:59,644 INFO success: mysql entered RUNNING state, process has stayed up for > than 1 seconds (startsecs)
2018-11-12 21:59:01,194 INFO exited: mysql (exit status 0; expected)
2018-11-12 21:59:02,202 INFO spawned: 'mysql' with pid 2934
2018-11-12 21:59:03,205 INFO success: mysql entered RUNNING state, process has stayed up for > than 1 seconds (startsecs)
2018-11-12 21:59:04,544 INFO exited: mysql (exit status 0; expected)
2018-11-12 21:59:05,552 INFO spawned: 'mysql' with pid 2965
2018-11-12 21:59:06,554 INFO success: mysql entered RUNNING state, process has stayed up for > than 1 seconds (startsecs)
2018-11-12 21:59:08,033 INFO exited: mysql (exit status 0; expected)
2018-11-12 21:59:09,040 INFO spawned: 'mysql' with pid 2992
2018-11-12 21:59:10,043 INFO success: mysql entered RUNNING state, process has stayed up for > than 1 seconds (startsecs)
2018-11-12 21:59:11,413 INFO exited: mysql (exit status 0; expected)
2018-11-12 21:59:12,421 INFO spawned: 'mysql' with pid 3023
2018-11-12 21:59:13,423 INFO success: mysql entered RUNNING state, process has stayed up for > than 1 seconds (startsecs)
2018-11-12 21:59:14,804 INFO exited: mysql (exit status 0; expected)
2018-11-12 21:59:15,811 INFO spawned: 'mysql' with pid 3054
2018-11-12 21:59:16,814 INFO success: mysql entered RUNNING state, process has stayed up for > than 1 seconds (startsecs)
2018-11-12 21:59:18,412 INFO exited: mysql (exit status 0; expected)
2018-11-12 21:59:18,804 INFO spawned: 'mysql' with pid 3081
2018-11-12 21:59:19,806 INFO success: mysql entered RUNNING state, process has stayed up for > than 1 seconds (startsecs)
2018-11-12 21:59:21,404 INFO exited: mysql (exit status 0; expected)
2018-11-12 21:59:22,411 INFO spawned: 'mysql' with pid 3112
2018-11-12 21:59:23,414 INFO success: mysql entered RUNNING state, process has stayed up for > than 1 seconds (startsecs)
2018-11-12 21:59:24,773 INFO exited: mysql (exit status 0; expected)
2018-11-12 21:59:25,781 INFO spawned: 'mysql' with pid 3143
2018-11-12 21:59:26,783 INFO success: mysql entered RUNNING state, process has stayed up for > than 1 seconds (startsecs)
2018-11-12 21:59:28,583 INFO exited: mysql (exit status 0; expected)
2018-11-12 21:59:29,590 INFO spawned: 'mysql' with pid 3174
2018-11-12 21:59:30,593 INFO success: mysql entered RUNNING state, process has stayed up for > than 1 seconds (startsecs)
2018-11-12 21:59:31,954 INFO exited: mysql (exit status 0; expected)
2018-11-12 21:59:32,959 INFO spawned: 'mysql' with pid 3201
2018-11-12 21:59:33,963 INFO success: mysql entered RUNNING state, process has stayed up for > than 1 seconds (startsecs)
2018-11-12 21:59:35,526 INFO exited: mysql (exit status 0; expected)
2018-11-12 21:59:36,533 INFO spawned: 'mysql' with pid 3232
2018-11-12 21:59:37,536 INFO success: mysql entered RUNNING state, process has stayed up for > than 1 seconds (startsecs)
2018-11-12 21:59:38,953 INFO exited: mysql (exit status 0; expected)
2018-11-12 21:59:39,964 INFO spawned: 'mysql' with pid 3263
2018-11-12 21:59:40,968 INFO success: mysql entered RUNNING state, process has stayed up for > than 1 seconds (startsecs)
2018-11-12 21:59:42,436 INFO exited: mysql (exit status 0; expected)
2018-11-12 21:59:43,443 INFO spawned: 'mysql' with pid 3290
2018-11-12 21:59:44,447 INFO success: mysql entered RUNNING state, process has stayed up for > than 1 seconds (startsecs)
2018-11-12 21:59:45,797 INFO exited: mysql (exit status 0; expected)
2018-11-12 21:59:46,805 INFO spawned: 'mysql' with pid 3321
2018-11-12 21:59:47,808 INFO success: mysql entered RUNNING state, process has stayed up for > than 1 seconds (startsecs)
2018-11-12 21:59:49,184 INFO exited: mysql (exit status 0; expected)
2018-11-12 21:59:50,192 INFO spawned: 'mysql' with pid 3352
2018-11-12 21:59:51,196 INFO success: mysql entered RUNNING state, process has stayed up for > than 1 seconds (startsecs)
2018-11-12 21:59:52,644 INFO exited: mysql (exit status 0; expected)
2018-11-12 21:59:53,651 INFO spawned: 'mysql' with pid 3379
2018-11-12 21:59:54,654 INFO success: mysql entered RUNNING state, process has stayed up for > than 1 seconds (startsecs)
2018-11-12 21:59:56,035 INFO exited: mysql (exit status 0; expected)
2018-11-12 21:59:57,042 INFO spawned: 'mysql' with pid 3422
2018-11-12 21:59:58,047 INFO success: mysql entered RUNNING state, process has stayed up for > than 1 seconds (startsecs)
2018-11-12 21:59:59,471 INFO exited: mysql (exit status 0; expected)
2018-11-12 22:00:00,478 INFO spawned: 'mysql' with pid 3459
2018-11-12 22:00:01,483 INFO success: mysql entered RUNNING state, process has stayed up for > than 1 seconds (startsecs)
2018-11-12 22:00:02,846 INFO exited: mysql (exit status 0; expected)
2018-11-12 22:00:03,853 INFO spawned: 'mysql' with pid 3494
2018-11-12 22:00:04,855 INFO success: mysql entered RUNNING state, process has stayed up for > than 1 seconds (startsecs)
2018-11-12 22:00:06,396 INFO exited: mysql (exit status 0; expected)
2018-11-12 22:00:07,402 INFO spawned: 'mysql' with pid 3531
2018-11-12 22:00:08,404 INFO success: mysql entered RUNNING state, process has stayed up for > than 1 seconds (startsecs)
2018-11-12 22:00:09,877 INFO exited: mysql (exit status 0; expected)
2018-11-12 22:00:10,884 INFO spawned: 'mysql' with pid 3570
2018-11-12 22:00:11,888 INFO success: mysql entered RUNNING state, process has stayed up for > than 1 seconds (startsecs)
2018-11-12 22:00:13,384 INFO exited: mysql (exit status 0; expected)
2018-11-12 22:00:14,389 INFO spawned: 'mysql' with pid 3607
2018-11-12 22:00:15,392 INFO success: mysql entered RUNNING state, process has stayed up for > than 1 seconds (startsecs)
2018-11-12 22:00:16,875 INFO exited: mysql (exit status 0; expected)
2018-11-12 22:00:17,883 INFO spawned: 'mysql' with pid 3642
2018-11-12 22:00:19,799 INFO success: mysql entered RUNNING state, process has stayed up for > than 1 seconds (startsecs)
2018-11-12 22:00:19,871 WARN received SIGTERM indicating exit request
2018-11-12 22:00:19,872 INFO waiting for varnishd, php-fpm, varnish-plugins-watcher, nginx, MailHog, mysql, varnish-themes-watcher to die
2018-11-12 22:00:20,304 INFO stopped: varnish-themes-watcher (terminated by SIGTERM)
2018-11-12 22:00:20,305 INFO exited: mysql (exit status 0; expected)
2018-11-12 22:00:20,403 INFO stopped: MailHog (terminated by SIGTERM)
2018-11-12 22:00:20,528 INFO stopped: nginx (exit status 0)
2018-11-12 22:00:21,531 INFO stopped: varnish-plugins-watcher (terminated by SIGTERM)
2018-11-12 22:00:21,553 INFO stopped: php-fpm (exit status 0)
2018-11-12 22:00:23,557 INFO waiting for varnishd to die
2018-11-12 22:00:24,361 INFO reaped unknown pid 3672
2018-11-12 22:00:24,363 INFO reaped unknown pid 3674
2018-11-12 22:00:24,558 INFO stopped: varnishd (exit status 0)
2018-11-12 22:00:40,586 CRIT Supervisor running as root (no user in config file)
2018-11-12 22:00:40,588 INFO Included extra file "/etc/supervisor/conf.d/supervisord.conf" during parsing
2018-11-12 22:00:40,749 INFO RPC interface 'supervisor' initialized
2018-11-12 22:00:40,752 CRIT Server 'unix_http_server' running without any HTTP authentication checking
2018-11-12 22:00:40,753 INFO supervisord started with pid 1
2018-11-12 22:00:41,764 INFO spawned: 'varnishd' with pid 21
2018-11-12 22:00:41,801 INFO spawned: 'php-fpm' with pid 22
2018-11-12 22:00:41,814 INFO spawned: 'varnish-plugins-watcher' with pid 23
2018-11-12 22:00:41,832 INFO spawned: 'nginx' with pid 24
2018-11-12 22:00:41,860 INFO spawned: 'MailHog' with pid 26
2018-11-12 22:00:41,900 INFO spawned: 'mysql' with pid 28
2018-11-12 22:00:41,915 INFO spawned: 'varnish-themes-watcher' with pid 29
2018-11-12 22:00:42,921 INFO success: varnishd entered RUNNING state, process has stayed up for > than 1 seconds (startsecs)
2018-11-12 22:00:42,923 INFO success: php-fpm entered RUNNING state, process has stayed up for > than 1 seconds (startsecs)
2018-11-12 22:00:42,924 INFO success: varnish-plugins-watcher entered RUNNING state, process has stayed up for > than 1 seconds (startsecs)
2018-11-12 22:00:42,926 INFO success: nginx entered RUNNING state, process has stayed up for > than 1 seconds (startsecs)
2018-11-12 22:00:42,932 INFO success: MailHog entered RUNNING state, process has stayed up for > than 1 seconds (startsecs)
2018-11-12 22:00:42,934 INFO success: mysql entered RUNNING state, process has stayed up for > than 1 seconds (startsecs)
2018-11-12 22:00:42,935 INFO success: varnish-themes-watcher entered RUNNING state, process has stayed up for > than 1 seconds (startsecs)
2018-11-13 01:07:07,404 WARN received SIGTERM indicating exit request
2018-11-13 01:07:07,783 INFO waiting for varnishd, php-fpm, varnish-plugins-watcher, nginx, MailHog, mysql, varnish-themes-watcher to die
2018-11-13 01:07:07,792 INFO stopped: varnish-themes-watcher (terminated by SIGTERM)
2018-11-13 01:07:07,793 INFO reaped unknown pid 9252
2018-11-13 01:07:08,440 INFO stopped: mysql (exit status 0)
2018-11-13 01:07:08,441 INFO stopped: MailHog (terminated by SIGTERM)
2018-11-13 01:07:09,882 INFO stopped: nginx (exit status 0)
2018-11-13 01:07:10,885 INFO stopped: varnish-plugins-watcher (terminated by SIGTERM)
2018-11-13 01:07:10,885 INFO waiting for varnishd, php-fpm to die
2018-11-13 01:07:11,582 INFO stopped: php-fpm (exit status 0)
2018-11-13 01:07:12,748 INFO reaped unknown pid 9254
2018-11-13 01:07:14,751 INFO waiting for varnishd to die
2018-11-13 01:07:17,093 INFO stopped: varnishd (exit status 0)
