[17-Oct-2018 20:35:53] NOTICE: fpm is running, pid 9
[17-Oct-2018 20:35:53] NOTICE: ready to handle connections
[17-Oct-2018 21:11:38] WARNING: [pool www] server reached pm.max_children setting (5), consider raising it
[18-Oct-2018 15:31:17] NOTICE: fpm is running, pid 9
[18-Oct-2018 15:31:17] NOTICE: ready to handle connections
[18-Oct-2018 15:38:14] NOTICE: Terminating ...
[18-Oct-2018 15:38:14] NOTICE: exiting, bye-bye!
[18-Oct-2018 15:38:30] NOTICE: fpm is running, pid 45
[18-Oct-2018 15:38:30] NOTICE: ready to handle connections
[19-Oct-2018 00:47:59] NOTICE: Terminating ...
[19-Oct-2018 00:47:59] NOTICE: exiting, bye-bye!
[19-Oct-2018 15:51:07] NOTICE: fpm is running, pid 9
[19-Oct-2018 15:51:07] NOTICE: ready to handle connections
[22-Oct-2018 15:42:58] NOTICE: fpm is running, pid 51
[22-Oct-2018 15:42:58] NOTICE: ready to handle connections
[22-Oct-2018 21:37:44] WARNING: [pool www] server reached pm.max_children setting (5), consider raising it
[23-Oct-2018 01:05:02] NOTICE: Terminating ...
[23-Oct-2018 01:05:02] NOTICE: exiting, bye-bye!
[23-Oct-2018 15:30:11] NOTICE: fpm is running, pid 9
[23-Oct-2018 15:30:11] NOTICE: ready to handle connections
[24-Oct-2018 01:03:32] NOTICE: Terminating ...
[24-Oct-2018 01:03:32] NOTICE: exiting, bye-bye!
[24-Oct-2018 16:07:35] NOTICE: fpm is running, pid 52
[24-Oct-2018 16:07:35] NOTICE: ready to handle connections
[25-Oct-2018 16:28:52] NOTICE: fpm is running, pid 40
[25-Oct-2018 16:28:52] NOTICE: ready to handle connections
[26-Oct-2018 17:07:51] NOTICE: fpm is running, pid 9
[26-Oct-2018 17:07:51] NOTICE: ready to handle connections
[27-Oct-2018 18:57:25] NOTICE: fpm is running, pid 9
[27-Oct-2018 18:57:25] NOTICE: ready to handle connections
[29-Oct-2018 18:41:15] NOTICE: fpm is running, pid 50
[29-Oct-2018 18:41:15] NOTICE: ready to handle connections
[30-Oct-2018 15:40:20] NOTICE: fpm is running, pid 50
[30-Oct-2018 15:40:20] NOTICE: ready to handle connections
[31-Oct-2018 19:14:08] NOTICE: fpm is running, pid 44
[31-Oct-2018 19:14:08] NOTICE: ready to handle connections
[31-Oct-2018 22:53:55] WARNING: [pool www] server reached pm.max_children setting (5), consider raising it
[01-Nov-2018 01:08:25] NOTICE: Terminating ...
[01-Nov-2018 01:08:25] NOTICE: exiting, bye-bye!
[01-Nov-2018 23:58:35] NOTICE: fpm is running, pid 9
[01-Nov-2018 23:58:35] NOTICE: ready to handle connections
[02-Nov-2018 01:08:22] NOTICE: Terminating ...
[02-Nov-2018 01:08:22] NOTICE: exiting, bye-bye!
[02-Nov-2018 15:31:09] NOTICE: fpm is running, pid 9
[02-Nov-2018 15:31:09] NOTICE: ready to handle connections
[02-Nov-2018 19:26:42] NOTICE: Terminating ...
[02-Nov-2018 19:26:43] NOTICE: exiting, bye-bye!
[05-Nov-2018 15:27:37] NOTICE: fpm is running, pid 9
[05-Nov-2018 15:27:37] NOTICE: ready to handle connections
[05-Nov-2018 23:43:30] NOTICE: Terminating ...
[05-Nov-2018 23:43:30] NOTICE: exiting, bye-bye!
[06-Nov-2018 18:48:25] NOTICE: fpm is running, pid 82
[06-Nov-2018 18:48:25] NOTICE: ready to handle connections
[06-Nov-2018 20:39:08] NOTICE: Terminating ...
[06-Nov-2018 20:39:08] NOTICE: exiting, bye-bye!
[08-Nov-2018 00:30:44] NOTICE: fpm is running, pid 72
[08-Nov-2018 00:30:44] NOTICE: ready to handle connections
[12-Nov-2018 21:53:18] NOTICE: fpm is running, pid 14
[12-Nov-2018 21:53:19] NOTICE: ready to handle connections
[12-Nov-2018 22:00:21] NOTICE: Terminating ...
[12-Nov-2018 22:00:21] NOTICE: exiting, bye-bye!
[12-Nov-2018 22:00:44] NOTICE: fpm is running, pid 22
[12-Nov-2018 22:00:44] NOTICE: ready to handle connections
[13-Nov-2018 01:07:10] NOTICE: Terminating ...
[13-Nov-2018 01:07:11] NOTICE: exiting, bye-bye!
